<?xml version="1.0" encoding="UTF-8"?>
<!-- Generated by org.testng.reporters.JUnitReportReporter -->
<testsuite skipped="0" hostname="DESKTOP-194B9SN" name="com.techesthete.demo.NegativeTests" tests="1" failures="0" timestamp="2021-09-03T08:07:43 PKT" time="4.518" errors="0">
  <testcase name="incorrectUsernameTest" time="4.518" classname="com.techesthete.demo.NegativeTests"/>
  <system-out/>
</testsuite> <!-- com.techesthete.demo.NegativeTests -->
