<?xml version="1.0" encoding="UTF-8"?>
<!-- Generated by org.testng.reporters.JUnitReportReporter -->
<testsuite skipped="0" hostname="DESKTOP-194B9SN" name="com.techesthete.demo.PositiveTests" tests="1" failures="0" timestamp="2021-09-03T08:04:16 PKT" time="6.039" errors="0">
  <testcase name="forgotPasswordTest" time="6.039" classname="com.techesthete.demo.PositiveTests"/>
  <system-out/>
</testsuite> <!-- com.techesthete.demo.PositiveTests -->
